Analysis & Synthesis report for EPT_10M04_AF_S2_Top
Fri Sep 15 16:56:03 2017
Quartus Prime Version 16.0.0 Build 211 04/27/2016 SJ Lite Edition


---------------------
; Table of Contents ;
---------------------
  1. Legal Notice
  2. Analysis & Synthesis Summary
  3. Analysis & Synthesis Settings
  4. Parallel Compilation
  5. Analysis & Synthesis Source Files Read
  6. Analysis & Synthesis Resource Usage Summary
  7. Analysis & Synthesis Resource Utilization by Entity
  8. Registers Removed During Synthesis
  9. General Register Statistics
 10. Inverted Register Statistics
 11. Multiplexer Restructuring Statistics (Restructuring Performed)
 12. Parameter Settings for User Entity Instance: Top-level Entity: |EPT_10M04_AF_S2_Top
 13. Post-Synthesis Netlist Statistics for Top Partition
 14. Elapsed Time Per Partition
 15. Analysis & Synthesis Messages
 16. Analysis & Synthesis Suppressed Messages



----------------
; Legal Notice ;
----------------
Copyright (C) 1991-2016 Altera Corporation. All rights reserved.
Your use of Altera Corporation's design tools, logic functions 
and other software and tools, and its AMPP partner logic 
functions, and any output files from any of the foregoing 
(including device programming or simulation files), and any 
associated documentation or information are expressly subject 
to the terms and conditions of the Altera Program License 
Subscription Agreement, the Altera Quartus Prime License Agreement,
the Altera MegaCore Function License Agreement, or other 
applicable license agreement, including, without limitation, 
that your use is for the sole purpose of programming logic 
devices manufactured by Altera and sold by Altera or its 
authorized distributors.  Please refer to the applicable 
agreement for further details.



+----------------------------------------------------------------------------------+
; Analysis & Synthesis Summary                                                     ;
+------------------------------------+---------------------------------------------+
; Analysis & Synthesis Status        ; Successful - Fri Sep 15 16:56:03 2017       ;
; Quartus Prime Version              ; 16.0.0 Build 211 04/27/2016 SJ Lite Edition ;
; Revision Name                      ; EPT_10M04_AF_S2_Top                         ;
; Top-level Entity Name              ; EPT_10M04_AF_S2_Top                         ;
; Family                             ; MAX 10                                      ;
; Total logic elements               ; 49                                          ;
;     Total combinational functions  ; 37                                          ;
;     Dedicated logic registers      ; 42                                          ;
; Total registers                    ; 42                                          ;
; Total pins                         ; 41                                          ;
; Total virtual pins                 ; 0                                           ;
; Total memory bits                  ; 0                                           ;
; Embedded Multiplier 9-bit elements ; 0                                           ;
; Total PLLs                         ; 0                                           ;
; UFM blocks                         ; 0                                           ;
; ADC blocks                         ; 0                                           ;
+------------------------------------+---------------------------------------------+


+------------------------------------------------------------------------------------------------------------------------+
; Analysis & Synthesis Settings                                                                                          ;
+----------------------------------------------------------------------------+---------------------+---------------------+
; Option                                                                     ; Setting             ; Default Value       ;
+----------------------------------------------------------------------------+---------------------+---------------------+
; Device                                                                     ; 10M04SAE144C8G      ;                     ;
; Top-level entity name                                                      ; EPT_10M04_AF_S2_Top ; EPT_10M04_AF_S2_Top ;
; Family name                                                                ; MAX 10              ; Cyclone V           ;
; Use smart compilation                                                      ; Off                 ; Off                 ;
; Enable parallel Assembler and TimeQuest Timing Analyzer during compilation ; On                  ; On                  ;
; Enable compact report table                                                ; Off                 ; Off                 ;
; Restructure Multiplexers                                                   ; Auto                ; Auto                ;
; Create Debugging Nodes for IP Cores                                        ; Off                 ; Off                 ;
; Preserve fewer node names                                                  ; On                  ; On                  ;
; Disable OpenCore Plus hardware evaluation                                  ; Off                 ; Off                 ;
; Verilog Version                                                            ; Verilog_2001        ; Verilog_2001        ;
; VHDL Version                                                               ; VHDL_1993           ; VHDL_1993           ;
; State Machine Processing                                                   ; Auto                ; Auto                ;
; Safe State Machine                                                         ; Off                 ; Off                 ;
; Extract Verilog State Machines                                             ; On                  ; On                  ;
; Extract VHDL State Machines                                                ; On                  ; On                  ;
; Ignore Verilog initial constructs                                          ; Off                 ; Off                 ;
; Iteration limit for constant Verilog loops                                 ; 5000                ; 5000                ;
; Iteration limit for non-constant Verilog loops                             ; 250                 ; 250                 ;
; Add Pass-Through Logic to Inferred RAMs                                    ; On                  ; On                  ;
; Infer RAMs from Raw Logic                                                  ; On                  ; On                  ;
; Parallel Synthesis                                                         ; On                  ; On                  ;
; DSP Block Balancing                                                        ; Auto                ; Auto                ;
; NOT Gate Push-Back                                                         ; On                  ; On                  ;
; Power-Up Don't Care                                                        ; On                  ; On                  ;
; Remove Redundant Logic Cells                                               ; Off                 ; Off                 ;
; Remove Duplicate Registers                                                 ; On                  ; On                  ;
; Ignore CARRY Buffers                                                       ; Off                 ; Off                 ;
; Ignore CASCADE Buffers                                                     ; Off                 ; Off                 ;
; Ignore GLOBAL Buffers                                                      ; Off                 ; Off                 ;
; Ignore ROW GLOBAL Buffers                                                  ; Off                 ; Off                 ;
; Ignore LCELL Buffers                                                       ; Off                 ; Off                 ;
; Ignore SOFT Buffers                                                        ; On                  ; On                  ;
; Limit AHDL Integers to 32 Bits                                             ; Off                 ; Off                 ;
; Optimization Technique                                                     ; Balanced            ; Balanced            ;
; Carry Chain Length                                                         ; 70                  ; 70                  ;
; Auto Carry Chains                                                          ; On                  ; On                  ;
; Auto Open-Drain Pins                                                       ; On                  ; On                  ;
; Perform WYSIWYG Primitive Resynthesis                                      ; Off                 ; Off                 ;
; Auto ROM Replacement                                                       ; On                  ; On                  ;
; Auto RAM Replacement                                                       ; On                  ; On                  ;
; Auto DSP Block Replacement                                                 ; On                  ; On                  ;
; Auto Shift Register Replacement                                            ; Auto                ; Auto                ;
; Allow Shift Register Merging across Hierarchies                            ; Auto                ; Auto                ;
; Auto Clock Enable Replacement                                              ; On                  ; On                  ;
; Strict RAM Replacement                                                     ; Off                 ; Off                 ;
; Allow Synchronous Control Signals                                          ; On                  ; On                  ;
; Force Use of Synchronous Clear Signals                                     ; Off                 ; Off                 ;
; Auto RAM Block Balancing                                                   ; On                  ; On                  ;
; Auto RAM to Logic Cell Conversion                                          ; Off                 ; Off                 ;
; Auto Resource Sharing                                                      ; Off                 ; Off                 ;
; Allow Any RAM Size For Recognition                                         ; Off                 ; Off                 ;
; Allow Any ROM Size For Recognition                                         ; Off                 ; Off                 ;
; Allow Any Shift Register Size For Recognition                              ; Off                 ; Off                 ;
; Use LogicLock Constraints during Resource Balancing                        ; On                  ; On                  ;
; Ignore translate_off and synthesis_off directives                          ; Off                 ; Off                 ;
; Timing-Driven Synthesis                                                    ; On                  ; On                  ;
; Report Parameter Settings                                                  ; On                  ; On                  ;
; Report Source Assignments                                                  ; On                  ; On                  ;
; Report Connectivity Checks                                                 ; On                  ; On                  ;
; Ignore Maximum Fan-Out Assignments                                         ; Off                 ; Off                 ;
; Synchronization Register Chain Length                                      ; 2                   ; 2                   ;
; PowerPlay Power Optimization During Synthesis                              ; Normal compilation  ; Normal compilation  ;
; HDL message level                                                          ; Level2              ; Level2              ;
; Suppress Register Optimization Related Messages                            ; Off                 ; Off                 ;
; Number of Removed Registers Reported in Synthesis Report                   ; 5000                ; 5000                ;
; Number of Swept Nodes Reported in Synthesis Report                         ; 5000                ; 5000                ;
; Number of Inverted Registers Reported in Synthesis Report                  ; 100                 ; 100                 ;
; Clock MUX Protection                                                       ; On                  ; On                  ;
; Auto Gated Clock Conversion                                                ; Off                 ; Off                 ;
; Block Design Naming                                                        ; Auto                ; Auto                ;
; SDC constraint protection                                                  ; Off                 ; Off                 ;
; Synthesis Effort                                                           ; Auto                ; Auto                ;
; Shift Register Replacement - Allow Asynchronous Clear Signal               ; On                  ; On                  ;
; Pre-Mapping Resynthesis Optimization                                       ; Off                 ; Off                 ;
; Analysis & Synthesis Message Level                                         ; Medium              ; Medium              ;
; Disable Register Merging Across Hierarchies                                ; Auto                ; Auto                ;
; Resource Aware Inference For Block RAM                                     ; On                  ; On                  ;
; Synthesis Seed                                                             ; 1                   ; 1                   ;
+----------------------------------------------------------------------------+---------------------+---------------------+


+------------------------------------------+
; Parallel Compilation                     ;
+----------------------------+-------------+
; Processors                 ; Number      ;
+----------------------------+-------------+
; Number detected on machine ; 8           ;
; Maximum allowed            ; 4           ;
;                            ;             ;
; Average used               ; 1.00        ;
; Maximum used               ; 4           ;
;                            ;             ;
; Usage by Processor         ; % Time Used ;
;     Processor 1            ; 100.0%      ;
;     Processors 2-4         ;   0.0%      ;
+----------------------------+-------------+


+----------------------------------------------------------------------------------------------------------------------------------------------------------+
; Analysis & Synthesis Source Files Read                                                                                                                   ;
+----------------------------------+-----------------+------------------------+------------------------------------------------------------------+---------+
; File Name with User-Entered Path ; Used in Netlist ; File Type              ; File Name with Absolute Path                                     ; Library ;
+----------------------------------+-----------------+------------------------+------------------------------------------------------------------+---------+
; ../src/EPT_10M04_AF_S2_Top.v     ; yes             ; User Verilog HDL File  ; H:/Jolly/Code_FPGA/EPT_10M04_AF_Blinky/src/EPT_10M04_AF_S2_Top.v ;         ;
+----------------------------------+-----------------+------------------------+------------------------------------------------------------------+---------+


+---------------------------------------------------------------+
; Analysis & Synthesis Resource Usage Summary                   ;
+---------------------------------------------+-----------------+
; Resource                                    ; Usage           ;
+---------------------------------------------+-----------------+
; Estimated Total logic elements              ; 49              ;
;                                             ;                 ;
; Total combinational functions               ; 37              ;
; Logic element usage by number of LUT inputs ;                 ;
;     -- 4 input functions                    ; 5               ;
;     -- 3 input functions                    ; 1               ;
;     -- <=2 input functions                  ; 31              ;
;                                             ;                 ;
; Logic elements by mode                      ;                 ;
;     -- normal mode                          ; 14              ;
;     -- arithmetic mode                      ; 23              ;
;                                             ;                 ;
; Total registers                             ; 42              ;
;     -- Dedicated logic registers            ; 42              ;
;     -- I/O registers                        ; 0               ;
;                                             ;                 ;
; I/O pins                                    ; 41              ;
;                                             ;                 ;
; Embedded Multiplier 9-bit elements          ; 0               ;
;                                             ;                 ;
; Maximum fan-out node                        ; CLK_10MHZ~input ;
; Maximum fan-out                             ; 42              ;
; Total fan-out                               ; 333             ;
; Average fan-out                             ; 2.07            ;
+---------------------------------------------+-----------------+


+------------------------------------------------------------------------------------------------------------------------------------------------------------------------------------------------------------------------------+
; Analysis & Synthesis Resource Utilization by Entity                                                                                                                                                                          ;
+----------------------------+-------------------+--------------+-------------+------------+--------------+---------+-----------+------+--------------+------------+----------------------+---------------------+--------------+
; Compilation Hierarchy Node ; LC Combinationals ; LC Registers ; Memory Bits ; UFM Blocks ; DSP Elements ; DSP 9x9 ; DSP 18x18 ; Pins ; Virtual Pins ; ADC blocks ; Full Hierarchy Name  ; Entity Name         ; Library Name ;
+----------------------------+-------------------+--------------+-------------+------------+--------------+---------+-----------+------+--------------+------------+----------------------+---------------------+--------------+
; |EPT_10M04_AF_S2_Top       ; 37 (37)           ; 42 (42)      ; 0           ; 0          ; 0            ; 0       ; 0         ; 41   ; 0            ; 0          ; |EPT_10M04_AF_S2_Top ; EPT_10M04_AF_S2_Top ; work         ;
+----------------------------+-------------------+--------------+-------------+------------+--------------+---------+-----------+------+--------------+------------+----------------------+---------------------+--------------+
Note: For table entries with two numbers listed, the numbers in parentheses indicate the number of resources of the given type used by the specific entity alone. The numbers listed outside of parentheses indicate the total resources of the given type used by the specific entity and all of its sub-entities in the hierarchy.


+---------------------------------------------------------------------------------+
; Registers Removed During Synthesis                                              ;
+----------------------------------------+----------------------------------------+
; Register name                          ; Reason for Removal                     ;
+----------------------------------------+----------------------------------------+
; LED[3]~reg0                            ; Stuck at GND due to stuck port data_in ;
; LED[2]~reg0                            ; Stuck at GND due to stuck port data_in ;
; LED[1]~reg0                            ; Stuck at GND due to stuck port data_in ;
; LED[0]~reg0                            ; Stuck at GND due to stuck port data_in ;
; timer_value[10..22]                    ; Merged with timer_value[23]            ;
; timer_value[8]                         ; Merged with timer_value[9]             ;
; timer_value[23]                        ; Stuck at GND due to stuck port data_in ;
; timer_value[9]                         ; Stuck at VCC due to stuck port data_in ;
; Total Number of Removed Registers = 20 ;                                        ;
+----------------------------------------+----------------------------------------+


+------------------------------------------------------+
; General Register Statistics                          ;
+----------------------------------------------+-------+
; Statistic                                    ; Value ;
+----------------------------------------------+-------+
; Total registers                              ; 42    ;
; Number of registers using Synchronous Clear  ; 0     ;
; Number of registers using Synchronous Load   ; 24    ;
; Number of registers using Asynchronous Clear ; 42    ;
; Number of registers using Asynchronous Load  ; 0     ;
; Number of registers using Clock Enable       ; 36    ;
; Number of registers using Preset             ; 0     ;
+----------------------------------------------+-------+


+---------------------------------------------------+
; Inverted Register Statistics                      ;
+-----------------------------------------+---------+
; Inverted Register                       ; Fan out ;
+-----------------------------------------+---------+
; led_delay_counter[9]                    ; 1       ;
; led_delay_counter[8]                    ; 1       ;
; led_delay_counter[7]                    ; 1       ;
; led_delay_counter[6]                    ; 1       ;
; led_delay_counter[5]                    ; 1       ;
; led_delay_counter[4]                    ; 1       ;
; led_delay_counter[3]                    ; 1       ;
; led_delay_counter[2]                    ; 1       ;
; led_delay_counter[1]                    ; 1       ;
; led_delay_counter[0]                    ; 1       ;
; led_reg[0]                              ; 2       ;
; shift_count_value[0]                    ; 1       ;
; state[0]                                ; 2       ;
; start_blinky                            ; 2       ;
; Total number of inverted registers = 14 ;         ;
+-----------------------------------------+---------+


+----------------------------------------------------------------------------------------------------------------------------------------------------------+
; Multiplexer Restructuring Statistics (Restructuring Performed)                                                                                           ;
+--------------------+-----------+---------------+----------------------+------------------------+------------+--------------------------------------------+
; Multiplexer Inputs ; Bus Width ; Baseline Area ; Area if Restructured ; Saving if Restructured ; Registered ; Example Multiplexer Output                 ;
+--------------------+-----------+---------------+----------------------+------------------------+------------+--------------------------------------------+
; 3:1                ; 14 bits   ; 28 LEs        ; 14 LEs               ; 14 LEs                 ; Yes        ; |EPT_10M04_AF_S2_Top|led_delay_counter[23] ;
; 3:1                ; 10 bits   ; 20 LEs        ; 10 LEs               ; 10 LEs                 ; Yes        ; |EPT_10M04_AF_S2_Top|led_delay_counter[9]  ;
+--------------------+-----------+---------------+----------------------+------------------------+------------+--------------------------------------------+


+-------------------------------------------------------------------------------------+
; Parameter Settings for User Entity Instance: Top-level Entity: |EPT_10M04_AF_S2_Top ;
+--------------------+--------------------------+-------------------------------------+
; Parameter Name     ; Value                    ; Type                                ;
+--------------------+--------------------------+-------------------------------------+
; IDLE               ; 0                        ; Signed Integer                      ;
; SELECT_MODE        ; 1                        ; Signed Integer                      ;
; LOAD_REGISTER      ; 2                        ; Signed Integer                      ;
; LOAD_LEDS          ; 3                        ; Signed Integer                      ;
; WAIT_FOR_TIMER     ; 6                        ; Signed Integer                      ;
; GLOBAL_RESET_COUNT ; 100111001000             ; Unsigned Binary                     ;
; RANDOM_NUMBER      ; 0001                     ; Unsigned Binary                     ;
; SHIFT_LEFT         ; 0010                     ; Unsigned Binary                     ;
; SHIFT_RIGHT        ; 0011                     ; Unsigned Binary                     ;
; COUNT_UP           ; 0100                     ; Unsigned Binary                     ;
; COUNT_DOWN         ; 0101                     ; Unsigned Binary                     ;
; STATIC_VALUE       ; 000110                   ; Unsigned Binary                     ;
; TIMER_LOW_LIMIT    ; 000000000000001111111111 ; Unsigned Binary                     ;
+--------------------+--------------------------+-------------------------------------+
Note: In order to hide this table in the UI and the text report file, please set the "Show Parameter Settings in Synthesis Report" option in "Analysis and Synthesis Settings -> More Settings" to "Off".


+-----------------------------------------------------+
; Post-Synthesis Netlist Statistics for Top Partition ;
+-----------------------+-----------------------------+
; Type                  ; Count                       ;
+-----------------------+-----------------------------+
; boundary_port         ; 41                          ;
; cycloneiii_ff         ; 42                          ;
;     CLR               ; 6                           ;
;     ENA CLR           ; 12                          ;
;     ENA CLR SLD       ; 24                          ;
; cycloneiii_io_obuf    ; 4                           ;
; cycloneiii_lcell_comb ; 38                          ;
;     arith             ; 23                          ;
;         1 data inputs ; 1                           ;
;         2 data inputs ; 22                          ;
;     normal            ; 15                          ;
;         0 data inputs ; 2                           ;
;         1 data inputs ; 4                           ;
;         2 data inputs ; 3                           ;
;         3 data inputs ; 1                           ;
;         4 data inputs ; 5                           ;
;                       ;                             ;
; Max LUT depth         ; 3.30                        ;
; Average LUT depth     ; 2.12                        ;
+-----------------------+-----------------------------+


+-------------------------------+
; Elapsed Time Per Partition    ;
+----------------+--------------+
; Partition Name ; Elapsed Time ;
+----------------+--------------+
; Top            ; 00:00:01     ;
+----------------+--------------+


+-------------------------------+
; Analysis & Synthesis Messages ;
+-------------------------------+
Info: *******************************************************************
Info: Running Quartus Prime Analysis & Synthesis
    Info: Version 16.0.0 Build 211 04/27/2016 SJ Lite Edition
    Info: Processing started: Fri Sep 15 16:55:35 2017
Info: Command: quartus_map --read_settings_files=on --write_settings_files=off EPT_10M04_AF_S2_Top -c EPT_10M04_AF_S2_Top
Warning (18236): Number of processors has not been specified which may cause overloading on shared machines.  Set the global assignment NUM_PARALLEL_PROCESSORS in your QSF to an appropriate value for best performance.
Info (20030): Parallel compilation is enabled and will use 4 of the 4 processors detected
Info (12021): Found 1 design units, including 1 entities, in source file /jolly/code_fpga/ept_10m04_af_blinky/src/ept_10m04_af_s2_top.v
    Info (12023): Found entity 1: EPT_10M04_AF_S2_Top File: H:/Jolly/Code_FPGA/EPT_10M04_AF_Blinky/src/EPT_10M04_AF_S2_Top.v Line: 33
Warning (10236): Verilog HDL Implicit Net warning at EPT_10M04_AF_S2_Top.v(113): created implicit net for "led_reset" File: H:/Jolly/Code_FPGA/EPT_10M04_AF_Blinky/src/EPT_10M04_AF_S2_Top.v Line: 113
Info (12127): Elaborating entity "EPT_10M04_AF_S2_Top" for the top level hierarchy
Warning (10858): Verilog HDL warning at EPT_10M04_AF_S2_Top.v(87): object static_load_value used but never assigned File: H:/Jolly/Code_FPGA/EPT_10M04_AF_Blinky/src/EPT_10M04_AF_S2_Top.v Line: 87
Warning (10240): Verilog HDL Always Construct warning at EPT_10M04_AF_S2_Top.v(149): inferring latch(es) for variable "timer_value", which holds its previous value in one or more paths through the always construct File: H:/Jolly/Code_FPGA/EPT_10M04_AF_Blinky/src/EPT_10M04_AF_S2_Top.v Line: 149
Warning (10030): Net "XIO_1[7..4]" at EPT_10M04_AF_S2_Top.v(43) has no driver or initial value, using a default initial value '0' File: H:/Jolly/Code_FPGA/EPT_10M04_AF_Blinky/src/EPT_10M04_AF_S2_Top.v Line: 43
Warning (10030): Net "XIO_1[0]" at EPT_10M04_AF_S2_Top.v(43) has no driver or initial value, using a default initial value '0' File: H:/Jolly/Code_FPGA/EPT_10M04_AF_Blinky/src/EPT_10M04_AF_S2_Top.v Line: 43
Warning (10030): Net "XIO_2[5..4]" at EPT_10M04_AF_S2_Top.v(44) has no driver or initial value, using a default initial value '0' File: H:/Jolly/Code_FPGA/EPT_10M04_AF_Blinky/src/EPT_10M04_AF_S2_Top.v Line: 44
Warning (10030): Net "XIO_2[0]" at EPT_10M04_AF_S2_Top.v(44) has no driver or initial value, using a default initial value '0' File: H:/Jolly/Code_FPGA/EPT_10M04_AF_Blinky/src/EPT_10M04_AF_S2_Top.v Line: 44
Warning (10030): Net "XIO_4[7..4]" at EPT_10M04_AF_S2_Top.v(46) has no driver or initial value, using a default initial value '0' File: H:/Jolly/Code_FPGA/EPT_10M04_AF_Blinky/src/EPT_10M04_AF_S2_Top.v Line: 46
Warning (10030): Net "static_load_value" at EPT_10M04_AF_S2_Top.v(87) has no driver or initial value, using a default initial value '0' File: H:/Jolly/Code_FPGA/EPT_10M04_AF_Blinky/src/EPT_10M04_AF_S2_Top.v Line: 87
Warning (10034): Output port "XIO_1[3..1]" at EPT_10M04_AF_S2_Top.v(43) has no driver File: H:/Jolly/Code_FPGA/EPT_10M04_AF_Blinky/src/EPT_10M04_AF_S2_Top.v Line: 43
Warning (10034): Output port "XIO_2[7..6]" at EPT_10M04_AF_S2_Top.v(44) has no driver File: H:/Jolly/Code_FPGA/EPT_10M04_AF_Blinky/src/EPT_10M04_AF_S2_Top.v Line: 44
Warning (10034): Output port "XIO_2[3..1]" at EPT_10M04_AF_S2_Top.v(44) has no driver File: H:/Jolly/Code_FPGA/EPT_10M04_AF_Blinky/src/EPT_10M04_AF_S2_Top.v Line: 44
Warning (10034): Output port "XIO_3" at EPT_10M04_AF_S2_Top.v(45) has no driver File: H:/Jolly/Code_FPGA/EPT_10M04_AF_Blinky/src/EPT_10M04_AF_S2_Top.v Line: 45
Warning (10034): Output port "XIO_4[3..0]" at EPT_10M04_AF_S2_Top.v(46) has no driver File: H:/Jolly/Code_FPGA/EPT_10M04_AF_Blinky/src/EPT_10M04_AF_S2_Top.v Line: 46
Info (10041): Inferred latch for "timer_value[0]" at EPT_10M04_AF_S2_Top.v(149) File: H:/Jolly/Code_FPGA/EPT_10M04_AF_Blinky/src/EPT_10M04_AF_S2_Top.v Line: 149
Info (10041): Inferred latch for "timer_value[1]" at EPT_10M04_AF_S2_Top.v(149) File: H:/Jolly/Code_FPGA/EPT_10M04_AF_Blinky/src/EPT_10M04_AF_S2_Top.v Line: 149
Info (10041): Inferred latch for "timer_value[2]" at EPT_10M04_AF_S2_Top.v(149) File: H:/Jolly/Code_FPGA/EPT_10M04_AF_Blinky/src/EPT_10M04_AF_S2_Top.v Line: 149
Info (10041): Inferred latch for "timer_value[3]" at EPT_10M04_AF_S2_Top.v(149) File: H:/Jolly/Code_FPGA/EPT_10M04_AF_Blinky/src/EPT_10M04_AF_S2_Top.v Line: 149
Info (10041): Inferred latch for "timer_value[4]" at EPT_10M04_AF_S2_Top.v(149) File: H:/Jolly/Code_FPGA/EPT_10M04_AF_Blinky/src/EPT_10M04_AF_S2_Top.v Line: 149
Info (10041): Inferred latch for "timer_value[5]" at EPT_10M04_AF_S2_Top.v(149) File: H:/Jolly/Code_FPGA/EPT_10M04_AF_Blinky/src/EPT_10M04_AF_S2_Top.v Line: 149
Info (10041): Inferred latch for "timer_value[6]" at EPT_10M04_AF_S2_Top.v(149) File: H:/Jolly/Code_FPGA/EPT_10M04_AF_Blinky/src/EPT_10M04_AF_S2_Top.v Line: 149
Info (10041): Inferred latch for "timer_value[7]" at EPT_10M04_AF_S2_Top.v(149) File: H:/Jolly/Code_FPGA/EPT_10M04_AF_Blinky/src/EPT_10M04_AF_S2_Top.v Line: 149
Info (13000): Registers with preset signals will power-up high File: H:/Jolly/Code_FPGA/EPT_10M04_AF_Blinky/src/EPT_10M04_AF_S2_Top.v Line: 205
Info (13003): DEV_CLRn pin will set, and not reset, register with preset signal due to NOT Gate Push-Back
Warning (13024): Output pins are stuck at VCC or GND
    Warning (13410): Pin "CLK_10MHZ_ENABLE" is stuck at VCC File: H:/Jolly/Code_FPGA/EPT_10M04_AF_Blinky/src/EPT_10M04_AF_S2_Top.v Line: 40
    Warning (13410): Pin "CLK_32KHZ_ENABLE" is stuck at VCC File: H:/Jolly/Code_FPGA/EPT_10M04_AF_Blinky/src/EPT_10M04_AF_S2_Top.v Line: 41
    Warning (13410): Pin "XIO_1[0]" is stuck at GND File: H:/Jolly/Code_FPGA/EPT_10M04_AF_Blinky/src/EPT_10M04_AF_S2_Top.v Line: 43
    Warning (13410): Pin "XIO_1[1]" is stuck at GND File: H:/Jolly/Code_FPGA/EPT_10M04_AF_Blinky/src/EPT_10M04_AF_S2_Top.v Line: 43
    Warning (13410): Pin "XIO_1[2]" is stuck at GND File: H:/Jolly/Code_FPGA/EPT_10M04_AF_Blinky/src/EPT_10M04_AF_S2_Top.v Line: 43
    Warning (13410): Pin "XIO_1[3]" is stuck at GND File: H:/Jolly/Code_FPGA/EPT_10M04_AF_Blinky/src/EPT_10M04_AF_S2_Top.v Line: 43
    Warning (13410): Pin "XIO_1[4]" is stuck at GND File: H:/Jolly/Code_FPGA/EPT_10M04_AF_Blinky/src/EPT_10M04_AF_S2_Top.v Line: 43
    Warning (13410): Pin "XIO_1[5]" is stuck at GND File: H:/Jolly/Code_FPGA/EPT_10M04_AF_Blinky/src/EPT_10M04_AF_S2_Top.v Line: 43
    Warning (13410): Pin "XIO_1[6]" is stuck at GND File: H:/Jolly/Code_FPGA/EPT_10M04_AF_Blinky/src/EPT_10M04_AF_S2_Top.v Line: 43
    Warning (13410): Pin "XIO_1[7]" is stuck at GND File: H:/Jolly/Code_FPGA/EPT_10M04_AF_Blinky/src/EPT_10M04_AF_S2_Top.v Line: 43
    Warning (13410): Pin "XIO_2[0]" is stuck at GND File: H:/Jolly/Code_FPGA/EPT_10M04_AF_Blinky/src/EPT_10M04_AF_S2_Top.v Line: 44
    Warning (13410): Pin "XIO_2[1]" is stuck at GND File: H:/Jolly/Code_FPGA/EPT_10M04_AF_Blinky/src/EPT_10M04_AF_S2_Top.v Line: 44
    Warning (13410): Pin "XIO_2[2]" is stuck at GND File: H:/Jolly/Code_FPGA/EPT_10M04_AF_Blinky/src/EPT_10M04_AF_S2_Top.v Line: 44
    Warning (13410): Pin "XIO_2[3]" is stuck at GND File: H:/Jolly/Code_FPGA/EPT_10M04_AF_Blinky/src/EPT_10M04_AF_S2_Top.v Line: 44
    Warning (13410): Pin "XIO_2[4]" is stuck at GND File: H:/Jolly/Code_FPGA/EPT_10M04_AF_Blinky/src/EPT_10M04_AF_S2_Top.v Line: 44
    Warning (13410): Pin "XIO_2[5]" is stuck at GND File: H:/Jolly/Code_FPGA/EPT_10M04_AF_Blinky/src/EPT_10M04_AF_S2_Top.v Line: 44
    Warning (13410): Pin "XIO_2[6]" is stuck at GND File: H:/Jolly/Code_FPGA/EPT_10M04_AF_Blinky/src/EPT_10M04_AF_S2_Top.v Line: 44
    Warning (13410): Pin "XIO_2[7]" is stuck at GND File: H:/Jolly/Code_FPGA/EPT_10M04_AF_Blinky/src/EPT_10M04_AF_S2_Top.v Line: 44
    Warning (13410): Pin "XIO_3[0]" is stuck at GND File: H:/Jolly/Code_FPGA/EPT_10M04_AF_Blinky/src/EPT_10M04_AF_S2_Top.v Line: 45
    Warning (13410): Pin "XIO_3[1]" is stuck at GND File: H:/Jolly/Code_FPGA/EPT_10M04_AF_Blinky/src/EPT_10M04_AF_S2_Top.v Line: 45
    Warning (13410): Pin "XIO_3[2]" is stuck at GND File: H:/Jolly/Code_FPGA/EPT_10M04_AF_Blinky/src/EPT_10M04_AF_S2_Top.v Line: 45
    Warning (13410): Pin "XIO_3[3]" is stuck at GND File: H:/Jolly/Code_FPGA/EPT_10M04_AF_Blinky/src/EPT_10M04_AF_S2_Top.v Line: 45
    Warning (13410): Pin "XIO_3[4]" is stuck at GND File: H:/Jolly/Code_FPGA/EPT_10M04_AF_Blinky/src/EPT_10M04_AF_S2_Top.v Line: 45
    Warning (13410): Pin "XIO_3[5]" is stuck at GND File: H:/Jolly/Code_FPGA/EPT_10M04_AF_Blinky/src/EPT_10M04_AF_S2_Top.v Line: 45
    Warning (13410): Pin "XIO_3[6]" is stuck at GND File: H:/Jolly/Code_FPGA/EPT_10M04_AF_Blinky/src/EPT_10M04_AF_S2_Top.v Line: 45
    Warning (13410): Pin "XIO_3[7]" is stuck at GND File: H:/Jolly/Code_FPGA/EPT_10M04_AF_Blinky/src/EPT_10M04_AF_S2_Top.v Line: 45
    Warning (13410): Pin "XIO_4[0]" is stuck at GND File: H:/Jolly/Code_FPGA/EPT_10M04_AF_Blinky/src/EPT_10M04_AF_S2_Top.v Line: 46
    Warning (13410): Pin "XIO_4[1]" is stuck at GND File: H:/Jolly/Code_FPGA/EPT_10M04_AF_Blinky/src/EPT_10M04_AF_S2_Top.v Line: 46
    Warning (13410): Pin "XIO_4[2]" is stuck at GND File: H:/Jolly/Code_FPGA/EPT_10M04_AF_Blinky/src/EPT_10M04_AF_S2_Top.v Line: 46
    Warning (13410): Pin "XIO_4[3]" is stuck at GND File: H:/Jolly/Code_FPGA/EPT_10M04_AF_Blinky/src/EPT_10M04_AF_S2_Top.v Line: 46
    Warning (13410): Pin "XIO_4[4]" is stuck at GND File: H:/Jolly/Code_FPGA/EPT_10M04_AF_Blinky/src/EPT_10M04_AF_S2_Top.v Line: 46
    Warning (13410): Pin "XIO_4[5]" is stuck at GND File: H:/Jolly/Code_FPGA/EPT_10M04_AF_Blinky/src/EPT_10M04_AF_S2_Top.v Line: 46
    Warning (13410): Pin "XIO_4[6]" is stuck at GND File: H:/Jolly/Code_FPGA/EPT_10M04_AF_Blinky/src/EPT_10M04_AF_S2_Top.v Line: 46
    Warning (13410): Pin "XIO_4[7]" is stuck at GND File: H:/Jolly/Code_FPGA/EPT_10M04_AF_Blinky/src/EPT_10M04_AF_S2_Top.v Line: 46
Info (286030): Timing-Driven Synthesis is running
Info (144001): Generated suppressed messages file H:/Jolly/Code_FPGA/EPT_10M04_AF_Blinky/EPT_10M04_AF_S2_Top/output_files/EPT_10M04_AF_S2_Top.map.smsg
Info (16010): Generating hard_block partition "hard_block:auto_generated_inst"
    Info (16011): Adding 0 node(s), including 0 DDIO, 0 PLL, 0 transceiver and 0 LCELL
Warning (21074): Design contains 1 input pin(s) that do not drive logic
    Warning (15610): No output dependent on input pin "CLK_32KHZ" File: H:/Jolly/Code_FPGA/EPT_10M04_AF_Blinky/src/EPT_10M04_AF_S2_Top.v Line: 37
Info (21057): Implemented 90 device resources after synthesis - the final resource count might be different
    Info (21058): Implemented 3 input pins
    Info (21059): Implemented 38 output pins
    Info (21061): Implemented 49 logic cells
Info: Quartus Prime Analysis & Synthesis was successful. 0 errors, 52 warnings
    Info: Peak virtual memory: 828 megabytes
    Info: Processing ended: Fri Sep 15 16:56:04 2017
    Info: Elapsed time: 00:00:29
    Info: Total CPU time (on all processors): 00:00:31


+------------------------------------------+
; Analysis & Synthesis Suppressed Messages ;
+------------------------------------------+
The suppressed messages can be found in H:/Jolly/Code_FPGA/EPT_10M04_AF_Blinky/EPT_10M04_AF_S2_Top/output_files/EPT_10M04_AF_S2_Top.map.smsg.


