TimeQuest Timing Analyzer report for EPT_5M57_AP_U2_Top
Thu Nov 15 22:32:00 2018
Quartus Prime Version 17.1.0 Build 590 10/25/2017 SJ Lite Edition


---------------------
; Table of Contents ;
---------------------
  1. Legal Notice
  2. TimeQuest Timing Analyzer Summary
  3. Parallel Compilation
  4. SDC File List
  5. Clocks
  6. Fmax Summary
  7. Setup Summary
  8. Hold Summary
  9. Recovery Summary
 10. Removal Summary
 11. Minimum Pulse Width Summary
 12. Clock Transfers
 13. Report TCCS
 14. Report RSKM
 15. Unconstrained Paths Summary
 16. Clock Status Summary
 17. Unconstrained Input Ports
 18. Unconstrained Output Ports
 19. Unconstrained Input Ports
 20. Unconstrained Output Ports
 21. TimeQuest Timing Analyzer Messages



----------------
; Legal Notice ;
----------------
Copyright (C) 2017  Intel Corporation. All rights reserved.
Your use of Intel Corporation's design tools, logic functions 
and other software and tools, and its AMPP partner logic 
functions, and any output files from any of the foregoing 
(including device programming or simulation files), and any 
associated documentation or information are expressly subject 
to the terms and conditions of the Intel Program License 
Subscription Agreement, the Intel Quartus Prime License Agreement,
the Intel FPGA IP License Agreement, or other applicable license
agreement, including, without limitation, that your use is for
the sole purpose of programming logic devices manufactured by
Intel and sold by Intel or its authorized distributors.  Please
refer to the applicable agreement for further details.



+-----------------------------------------------------------------------------+
; TimeQuest Timing Analyzer Summary                                           ;
+-----------------------+-----------------------------------------------------+
; Quartus Prime Version ; Version 17.1.0 Build 590 10/25/2017 SJ Lite Edition ;
; Timing Analyzer       ; TimeQuest                                           ;
; Revision Name         ; EPT_5M57_AP_U2_Top                                  ;
; Device Family         ; MAX V                                               ;
; Device Name           ; 5M570ZT100C5                                        ;
; Timing Models         ; Final                                               ;
; Delay Model           ; Slow Model                                          ;
; Rise/Fall Delays      ; Unavailable                                         ;
+-----------------------+-----------------------------------------------------+


+------------------------------------------+
; Parallel Compilation                     ;
+----------------------------+-------------+
; Processors                 ; Number      ;
+----------------------------+-------------+
; Number detected on machine ; 4           ;
; Maximum allowed            ; 2           ;
;                            ;             ;
; Average used               ; 1.00        ;
; Maximum used               ; 1           ;
;                            ;             ;
; Usage by Processor         ; % Time Used ;
;     Processor 1            ; 100.0%      ;
+----------------------------+-------------+


+----------------------------------------------------------------+
; SDC File List                                                  ;
+----------------------------+--------+--------------------------+
; SDC File Path              ; Status ; Read at                  ;
+----------------------------+--------+--------------------------+
; EPT_5M57_AP_U2_Top.out.sdc ; OK     ; Thu Nov 15 22:32:00 2018 ;
+----------------------------+--------+--------------------------+


+-----------------------------------------------------------------------------------------------------------------------------------------------------------------------------------+
; Clocks                                                                                                                                                                            ;
+------------+---------+--------+-----------+-------+-------+------------+-----------+-------------+-------+--------+-----------+------------+----------+--------+--------+---------+
; Clock Name ; Type    ; Period ; Frequency ; Rise  ; Fall  ; Duty Cycle ; Divide by ; Multiply by ; Phase ; Offset ; Edge List ; Edge Shift ; Inverted ; Master ; Source ; Targets ;
+------------+---------+--------+-----------+-------+-------+------------+-----------+-------------+-------+--------+-----------+------------+----------+--------+--------+---------+
; aa[1]      ; Virtual ; 15.150 ; 66.01 MHz ; 0.000 ; 7.575 ;            ;           ;             ;       ;        ;           ;            ;          ;        ;        ; { }     ;
; CLK_66     ; Virtual ; 15.150 ; 66.01 MHz ; 0.000 ; 7.575 ;            ;           ;             ;       ;        ;           ;            ;          ;        ;        ; { }     ;
+------------+---------+--------+-----------+-------+-------+------------+-----------+-------------+-------+--------+-----------+------------+----------+--------+--------+---------+


----------------
; Fmax Summary ;
----------------
No paths to report.


-----------------
; Setup Summary ;
-----------------
No paths to report.


----------------
; Hold Summary ;
----------------
No paths to report.


--------------------
; Recovery Summary ;
--------------------
No paths to report.


-------------------
; Removal Summary ;
-------------------
No paths to report.


-------------------------------
; Minimum Pulse Width Summary ;
-------------------------------
No paths to report.


-------------------
; Clock Transfers ;
-------------------
Nothing to report.


---------------
; Report TCCS ;
---------------
No dedicated SERDES Transmitter circuitry present in device or used in design


---------------
; Report RSKM ;
---------------
No non-DPA dedicated SERDES Receiver circuitry present in device or used in design


+------------------------------------------------+
; Unconstrained Paths Summary                    ;
+---------------------------------+-------+------+
; Property                        ; Setup ; Hold ;
+---------------------------------+-------+------+
; Illegal Clocks                  ; 0     ; 0    ;
; Unconstrained Clocks            ; 3     ; 3    ;
; Unconstrained Input Ports       ; 2     ; 2    ;
; Unconstrained Input Port Paths  ; 4     ; 4    ;
; Unconstrained Output Ports      ; 20    ; 20   ;
; Unconstrained Output Port Paths ; 42    ; 42   ;
+---------------------------------+-------+------+


+-------------------------------------------------------------------------------------------------------------------------------------------------+
; Clock Status Summary                                                                                                                            ;
+--------------------------------------------------------------------------------------------------------------+--------+---------+---------------+
; Target                                                                                                       ; Clock  ; Type    ; Status        ;
+--------------------------------------------------------------------------------------------------------------+--------+---------+---------------+
;                                                                                                              ; CLK_66 ; Virtual ; Constrained   ;
;                                                                                                              ; aa[1]  ; Virtual ; Constrained   ;
; aa[1]                                                                                                        ;        ; Base    ; Unconstrained ;
; active_transfer_library:ACTIVE_TRANSFER_LIBRARY_INST|ft_245_state_machine:FT_245_STATE_MACHINE_INST|state[1] ;        ; Base    ; Unconstrained ;
; spi_iface_model:SPI_IFACE_INST|CLK_SPI                                                                       ;        ; Base    ; Unconstrained ;
+--------------------------------------------------------------------------------------------------------------+--------+---------+---------------+


+---------------------------------------------------------------------------------------------------+
; Unconstrained Input Ports                                                                         ;
+------------+--------------------------------------------------------------------------------------+
; Input Port ; Comment                                                                              ;
+------------+--------------------------------------------------------------------------------------+
; ADC_EOC    ; No input delay, min/max delays, false-path exceptions, or max skew assignments found ;
; ADC_MISO   ; No input delay, min/max delays, false-path exceptions, or max skew assignments found ;
+------------+--------------------------------------------------------------------------------------+


+-----------------------------------------------------------------------------------------------------+
; Unconstrained Output Ports                                                                          ;
+-------------+---------------------------------------------------------------------------------------+
; Output Port ; Comment                                                                               ;
+-------------+---------------------------------------------------------------------------------------+
; ADC_CLK     ; No output delay, min/max delays, false-path exceptions, or max skew assignments found ;
; ADC_CNVST   ; No output delay, min/max delays, false-path exceptions, or max skew assignments found ;
; ADC_CS      ; No output delay, min/max delays, false-path exceptions, or max skew assignments found ;
; ADC_MOSI    ; No output delay, min/max delays, false-path exceptions, or max skew assignments found ;
; LB_AD[0]    ; No output delay, min/max delays, false-path exceptions, or max skew assignments found ;
; LB_AD[1]    ; No output delay, min/max delays, false-path exceptions, or max skew assignments found ;
; LB_AD[2]    ; No output delay, min/max delays, false-path exceptions, or max skew assignments found ;
; LB_AD[3]    ; No output delay, min/max delays, false-path exceptions, or max skew assignments found ;
; LB_AD[4]    ; No output delay, min/max delays, false-path exceptions, or max skew assignments found ;
; LB_AD[5]    ; No output delay, min/max delays, false-path exceptions, or max skew assignments found ;
; bc_out[1]   ; No output delay, min/max delays, false-path exceptions, or max skew assignments found ;
; bc_out[2]   ; No output delay, min/max delays, false-path exceptions, or max skew assignments found ;
+-------------+---------------------------------------------------------------------------------------+


+---------------------------------------------------------------------------------------------------+
; Unconstrained Input Ports                                                                         ;
+------------+--------------------------------------------------------------------------------------+
; Input Port ; Comment                                                                              ;
+------------+--------------------------------------------------------------------------------------+
; ADC_EOC    ; No input delay, min/max delays, false-path exceptions, or max skew assignments found ;
; ADC_MISO   ; No input delay, min/max delays, false-path exceptions, or max skew assignments found ;
+------------+--------------------------------------------------------------------------------------+


+-----------------------------------------------------------------------------------------------------+
; Unconstrained Output Ports                                                                          ;
+-------------+---------------------------------------------------------------------------------------+
; Output Port ; Comment                                                                               ;
+-------------+---------------------------------------------------------------------------------------+
; ADC_CLK     ; No output delay, min/max delays, false-path exceptions, or max skew assignments found ;
; ADC_CNVST   ; No output delay, min/max delays, false-path exceptions, or max skew assignments found ;
; ADC_CS      ; No output delay, min/max delays, false-path exceptions, or max skew assignments found ;
; ADC_MOSI    ; No output delay, min/max delays, false-path exceptions, or max skew assignments found ;
; LB_AD[0]    ; No output delay, min/max delays, false-path exceptions, or max skew assignments found ;
; LB_AD[1]    ; No output delay, min/max delays, false-path exceptions, or max skew assignments found ;
; LB_AD[2]    ; No output delay, min/max delays, false-path exceptions, or max skew assignments found ;
; LB_AD[3]    ; No output delay, min/max delays, false-path exceptions, or max skew assignments found ;
; LB_AD[4]    ; No output delay, min/max delays, false-path exceptions, or max skew assignments found ;
; LB_AD[5]    ; No output delay, min/max delays, false-path exceptions, or max skew assignments found ;
; bc_out[1]   ; No output delay, min/max delays, false-path exceptions, or max skew assignments found ;
; bc_out[2]   ; No output delay, min/max delays, false-path exceptions, or max skew assignments found ;
+-------------+---------------------------------------------------------------------------------------+


+------------------------------------+
; TimeQuest Timing Analyzer Messages ;
+------------------------------------+
Info: *******************************************************************
Info: Running Quartus Prime TimeQuest Timing Analyzer
    Info: Version 17.1.0 Build 590 10/25/2017 SJ Lite Edition
    Info: Processing started: Thu Nov 15 22:31:58 2018
Info: Command: quartus_sta EPT_5M57_AP_U2_Top -c EPT_5M57_AP_U2_Top
Info: qsta_default_script.tcl version: #3
Warning (18236): Number of processors has not been specified which may cause overloading on shared machines.  Set the global assignment NUM_PARALLEL_PROCESSORS in your QSF to an appropriate value for best performance.
Info (20030): Parallel compilation is enabled and will use 2 of the 2 processors detected
Info (21077): Low junction temperature is 0 degrees C
Info (21077): High junction temperature is 85 degrees C
Info (334003): Started post-fitting delay annotation
Info (334004): Delay annotation completed successfully
Warning (335093): TimeQuest Timing Analyzer is analyzing 11 combinational loops as latches. For more details, run the Check Timing command in the TimeQuest Timing Analyzer or view the "User-Specified and Inferred Latches" table in the Analysis & Synthesis report.
Info (332104): Reading SDC File: 'EPT_5M57_AP_U2_Top.out.sdc'
Warning (332049): Ignored set_input_delay at EPT_5M57_AP_U2_Top.out.sdc(68): Positional argument: object_list targets with value [get_ports {LB_SER[0]}] contains no input ports File: C:/Jolly/Products/Earth People Technology/UNOMAX_CPLD_SYSTEM_PROJECT_2.7_DVD/Projects_HDL/EPT_5M57_AP_U2_UnoProLyzer/EPT_5M57_AP_U2_Top/EPT_5M57_AP_U2_Top.out.sdc Line: 68
    Info (332050): set_input_delay -add_delay  -clock [get_clocks {CLK_66}]  1.000 [get_ports {LB_SER[0]}] File: C:/Jolly/Products/Earth People Technology/UNOMAX_CPLD_SYSTEM_PROJECT_2.7_DVD/Projects_HDL/EPT_5M57_AP_U2_UnoProLyzer/EPT_5M57_AP_U2_Top/EPT_5M57_AP_U2_Top.out.sdc Line: 68
Warning (332049): Ignored set_input_delay at EPT_5M57_AP_U2_Top.out.sdc(69): Positional argument: object_list targets with value [get_ports {LB_SER[1]}] contains no input ports File: C:/Jolly/Products/Earth People Technology/UNOMAX_CPLD_SYSTEM_PROJECT_2.7_DVD/Projects_HDL/EPT_5M57_AP_U2_UnoProLyzer/EPT_5M57_AP_U2_Top/EPT_5M57_AP_U2_Top.out.sdc Line: 69
    Info (332050): set_input_delay -add_delay  -clock [get_clocks {CLK_66}]  1.000 [get_ports {LB_SER[1]}] File: C:/Jolly/Products/Earth People Technology/UNOMAX_CPLD_SYSTEM_PROJECT_2.7_DVD/Projects_HDL/EPT_5M57_AP_U2_UnoProLyzer/EPT_5M57_AP_U2_Top/EPT_5M57_AP_U2_Top.out.sdc Line: 69
Warning (332060): Node: aa[1] was determined to be a clock but was found without an associated clock assignment.
    Info (13166): Register active_transfer_library:ACTIVE_TRANSFER_LIBRARY_INST|ft_245_state_machine:FT_245_STATE_MACHINE_INST|USB_WR is being clocked by aa[1]
Warning (332060): Node: spi_iface_model:SPI_IFACE_INST|CLK_SPI was determined to be a clock but was found without an associated clock assignment.
    Info (13166): Register spi_iface_model:SPI_IFACE_INST|write_SPI:write_spi_inst|DATA_OUT is being clocked by spi_iface_model:SPI_IFACE_INST|CLK_SPI
Warning (332060): Node: active_transfer_library:ACTIVE_TRANSFER_LIBRARY_INST|ft_245_state_machine:FT_245_STATE_MACHINE_INST|state[1] was determined to be a clock but was found without an associated clock assignment.
    Info (13166): Latch active_transfer_library:ACTIVE_TRANSFER_LIBRARY_INST|ft_245_state_machine:FT_245_STATE_MACHINE_INST|USB_REGISTER_DECODE[2] is being clocked by active_transfer_library:ACTIVE_TRANSFER_LIBRARY_INST|ft_245_state_machine:FT_245_STATE_MACHINE_INST|state[1]
Warning (332061): Virtual clock aa[1] is never referenced in any input or output delay assignment.
Info: Found TIMEQUEST_REPORT_SCRIPT_INCLUDE_DEFAULT_ANALYSIS = ON
Info (332140): No fmax paths to report
Info: Can't run Report Timing Closure Recommendations. The current device family is not supported.
Info (332140): No Setup paths to report
Info (332140): No Hold paths to report
Info (332140): No Recovery paths to report
Info (332140): No Removal paths to report
Info (332140): No Minimum Pulse Width paths to report
Info (332001): The selected device family is not supported by the report_metastability command.
Info (332102): Design is not fully constrained for setup requirements
Info (332102): Design is not fully constrained for hold requirements
Info: Quartus Prime TimeQuest Timing Analyzer was successful. 0 errors, 8 warnings
    Info: Peak virtual memory: 4674 megabytes
    Info: Processing ended: Thu Nov 15 22:32:00 2018
    Info: Elapsed time: 00:00:02
    Info: Total CPU time (on all processors): 00:00:02


