Flow report for EPT_10M04_AF_S2_Top
Fri Sep 15 16:57:32 2017
Quartus Prime Version 16.0.0 Build 211 04/27/2016 SJ Lite Edition


---------------------
; Table of Contents ;
---------------------
  1. Legal Notice
  2. Flow Summary
  3. Flow Settings
  4. Flow Non-Default Global Settings
  5. Flow Elapsed Time
  6. Flow OS Summary
  7. Flow Log
  8. Flow Messages
  9. Flow Suppressed Messages



----------------
; Legal Notice ;
----------------
Copyright (C) 1991-2016 Altera Corporation. All rights reserved.
Your use of Altera Corporation's design tools, logic functions 
and other software and tools, and its AMPP partner logic 
functions, and any output files from any of the foregoing 
(including device programming or simulation files), and any 
associated documentation or information are expressly subject 
to the terms and conditions of the Altera Program License 
Subscription Agreement, the Altera Quartus Prime License Agreement,
the Altera MegaCore Function License Agreement, or other 
applicable license agreement, including, without limitation, 
that your use is for the sole purpose of programming logic 
devices manufactured by Altera and sold by Altera or its 
authorized distributors.  Please refer to the applicable 
agreement for further details.



+----------------------------------------------------------------------------------+
; Flow Summary                                                                     ;
+------------------------------------+---------------------------------------------+
; Flow Status                        ; Successful - Fri Sep 15 16:57:32 2017       ;
; Quartus Prime Version              ; 16.0.0 Build 211 04/27/2016 SJ Lite Edition ;
; Revision Name                      ; EPT_10M04_AF_S2_Top                         ;
; Top-level Entity Name              ; EPT_10M04_AF_S2_Top                         ;
; Family                             ; MAX 10                                      ;
; Device                             ; 10M04SAE144C8G                              ;
; Timing Models                      ; Final                                       ;
; Total logic elements               ; 49 / 4,032 ( 1 % )                          ;
;     Total combinational functions  ; 38 / 4,032 ( < 1 % )                        ;
;     Dedicated logic registers      ; 42 / 4,032 ( 1 % )                          ;
; Total registers                    ; 42                                          ;
; Total pins                         ; 41 / 101 ( 41 % )                           ;
; Total virtual pins                 ; 0                                           ;
; Total memory bits                  ; 0 / 193,536 ( 0 % )                         ;
; Embedded Multiplier 9-bit elements ; 0 / 40 ( 0 % )                              ;
; Total PLLs                         ; 0 / 1 ( 0 % )                               ;
; UFM blocks                         ; 0 / 1 ( 0 % )                               ;
; ADC blocks                         ; 0 / 1 ( 0 % )                               ;
+------------------------------------+---------------------------------------------+


+-----------------------------------------+
; Flow Settings                           ;
+-------------------+---------------------+
; Option            ; Setting             ;
+-------------------+---------------------+
; Start date & time ; 09/15/2017 16:55:39 ;
; Main task         ; Compilation         ;
; Revision Name     ; EPT_10M04_AF_S2_Top ;
+-------------------+---------------------+


+----------------------------------------------------------------------------------------------------------------------------+
; Flow Non-Default Global Settings                                                                                           ;
+-------------------------------------+---------------------------------------+---------------+-------------+----------------+
; Assignment Name                     ; Value                                 ; Default Value ; Entity Name ; Section Id     ;
+-------------------------------------+---------------------------------------+---------------+-------------+----------------+
; COMPILER_SIGNATURE_ID               ; 272774795854548.150551973817140       ; --            ; --          ; --             ;
; EDA_OUTPUT_DATA_FORMAT              ; Verilog Hdl                           ; --            ; --          ; eda_simulation ;
; EDA_SIMULATION_TOOL                 ; ModelSim-Altera (Verilog)             ; <None>        ; --          ; --             ;
; EDA_TIME_SCALE                      ; 1 ps                                  ; --            ; --          ; eda_simulation ;
; FLOW_ENABLE_POWER_ANALYZER          ; On                                    ; Off           ; --          ; --             ;
; MAX_CORE_JUNCTION_TEMP              ; 85                                    ; --            ; --          ; --             ;
; MIN_CORE_JUNCTION_TEMP              ; 0                                     ; --            ; --          ; --             ;
; PARTITION_COLOR                     ; 16764057                              ; --            ; --          ; Top            ;
; PARTITION_FITTER_PRESERVATION_LEVEL ; PLACEMENT_AND_ROUTING                 ; --            ; --          ; Top            ;
; PARTITION_NETLIST_TYPE              ; SOURCE                                ; --            ; --          ; Top            ;
; POWER_BOARD_THERMAL_MODEL           ; None (CONSERVATIVE)                   ; --            ; --          ; --             ;
; POWER_DEFAULT_INPUT_IO_TOGGLE_RATE  ; 12.5 %                                ; 12.5%         ; --          ; --             ;
; POWER_PRESET_COOLING_SOLUTION       ; 23 MM HEAT SINK WITH 200 LFPM AIRFLOW ; --            ; --          ; --             ;
; PROJECT_OUTPUT_DIRECTORY            ; output_files                          ; --            ; --          ; --             ;
+-------------------------------------+---------------------------------------+---------------+-------------+----------------+


+-------------------------------------------------------------------------------------------------------------------------------+
; Flow Elapsed Time                                                                                                             ;
+---------------------------+--------------+-------------------------+---------------------+------------------------------------+
; Module Name               ; Elapsed Time ; Average Processors Used ; Peak Virtual Memory ; Total CPU Time (on all processors) ;
+---------------------------+--------------+-------------------------+---------------------+------------------------------------+
; Analysis & Synthesis      ; 00:00:22     ; 1.0                     ; 828 MB              ; 00:00:29                           ;
; Fitter                    ; 00:00:22     ; 1.0                     ; 1556 MB             ; 00:00:12                           ;
; Assembler                 ; 00:00:05     ; 1.0                     ; 734 MB              ; 00:00:02                           ;
; PowerPlay Power Analyzer  ; 00:00:17     ; 1.0                     ; 864 MB              ; 00:00:06                           ;
; TimeQuest Timing Analyzer ; 00:00:16     ; 1.0                     ; 848 MB              ; 00:00:06                           ;
; EDA Netlist Writer        ; 00:00:04     ; 1.0                     ; 702 MB              ; 00:00:01                           ;
; Total                     ; 00:01:26     ; --                      ; --                  ; 00:00:56                           ;
+---------------------------+--------------+-------------------------+---------------------+------------------------------------+


+----------------------------------------------------------------------------------------+
; Flow OS Summary                                                                        ;
+---------------------------+------------------+-----------+------------+----------------+
; Module Name               ; Machine Hostname ; OS Name   ; OS Version ; Processor type ;
+---------------------------+------------------+-----------+------------+----------------+
; Analysis & Synthesis      ; JOLLYR1-L5       ; Windows 7 ; 6.1        ; x86_64         ;
; Fitter                    ; JOLLYR1-L5       ; Windows 7 ; 6.1        ; x86_64         ;
; Assembler                 ; JOLLYR1-L5       ; Windows 7 ; 6.1        ; x86_64         ;
; PowerPlay Power Analyzer  ; JOLLYR1-L5       ; Windows 7 ; 6.1        ; x86_64         ;
; TimeQuest Timing Analyzer ; JOLLYR1-L5       ; Windows 7 ; 6.1        ; x86_64         ;
; EDA Netlist Writer        ; JOLLYR1-L5       ; Windows 7 ; 6.1        ; x86_64         ;
+---------------------------+------------------+-----------+------------+----------------+


------------
; Flow Log ;
------------
quartus_map --read_settings_files=on --write_settings_files=off EPT_10M04_AF_S2_Top -c EPT_10M04_AF_S2_Top
quartus_fit --read_settings_files=off --write_settings_files=off EPT_10M04_AF_S2_Top -c EPT_10M04_AF_S2_Top
quartus_asm --read_settings_files=off --write_settings_files=off EPT_10M04_AF_S2_Top -c EPT_10M04_AF_S2_Top
quartus_pow --read_settings_files=off --write_settings_files=off EPT_10M04_AF_S2_Top -c EPT_10M04_AF_S2_Top
quartus_sta EPT_10M04_AF_S2_Top -c EPT_10M04_AF_S2_Top
quartus_eda --read_settings_files=off --write_settings_files=off EPT_10M04_AF_S2_Top -c EPT_10M04_AF_S2_Top



