Analysis & Synthesis report for EPT_10M04_AF_S2_Top
Tue Mar 13 19:19:58 2018
Quartus Prime Version 16.0.0 Build 211 04/27/2016 SJ Lite Edition


---------------------
; Table of Contents ;
---------------------
  1. Legal Notice
  2. Analysis & Synthesis Summary
  3. Analysis & Synthesis Settings
  4. Parallel Compilation
  5. Analysis & Synthesis Source Files Read
  6. Analysis & Synthesis Resource Usage Summary
  7. Analysis & Synthesis Resource Utilization by Entity
  8. Analysis & Synthesis DSP Block Usage Summary
  9. General Register Statistics
 10. Multiplexer Restructuring Statistics (Restructuring Performed)
 11. Parameter Settings for Inferred Entity Instance: lpm_mult:Mult0
 12. Parameter Settings for Inferred Entity Instance: lpm_divide:Div0
 13. lpm_mult Parameter Settings by Entity Instance
 14. Post-Synthesis Netlist Statistics for Top Partition
 15. Elapsed Time Per Partition
 16. Analysis & Synthesis Messages



----------------
; Legal Notice ;
----------------
Copyright (C) 1991-2016 Altera Corporation. All rights reserved.
Your use of Altera Corporation's design tools, logic functions 
and other software and tools, and its AMPP partner logic 
functions, and any output files from any of the foregoing 
(including device programming or simulation files), and any 
associated documentation or information are expressly subject 
to the terms and conditions of the Altera Program License 
Subscription Agreement, the Altera Quartus Prime License Agreement,
the Altera MegaCore Function License Agreement, or other 
applicable license agreement, including, without limitation, 
that your use is for the sole purpose of programming logic 
devices manufactured by Altera and sold by Altera or its 
authorized distributors.  Please refer to the applicable 
agreement for further details.



+----------------------------------------------------------------------------------+
; Analysis & Synthesis Summary                                                     ;
+------------------------------------+---------------------------------------------+
; Analysis & Synthesis Status        ; Successful - Tue Mar 13 19:19:56 2018       ;
; Quartus Prime Version              ; 16.0.0 Build 211 04/27/2016 SJ Lite Edition ;
; Revision Name                      ; EPT_10M04_AF_S2_Top                         ;
; Top-level Entity Name              ; EPT_10M04_AF_S2_Top                         ;
; Family                             ; MAX 10                                      ;
; Total logic elements               ; 241                                         ;
;     Total combinational functions  ; 241                                         ;
;     Dedicated logic registers      ; 0                                           ;
; Total registers                    ; 0                                           ;
; Total pins                         ; 408                                         ;
; Total virtual pins                 ; 0                                           ;
; Total memory bits                  ; 0                                           ;
; Embedded Multiplier 9-bit elements ; 1                                           ;
; Total PLLs                         ; 0                                           ;
; UFM blocks                         ; 0                                           ;
; ADC blocks                         ; 0                                           ;
+------------------------------------+---------------------------------------------+


+------------------------------------------------------------------------------------------------------------------------+
; Analysis & Synthesis Settings                                                                                          ;
+----------------------------------------------------------------------------+---------------------+---------------------+
; Option                                                                     ; Setting             ; Default Value       ;
+----------------------------------------------------------------------------+---------------------+---------------------+
; Device                                                                     ; 10M16DCU324A7G      ;                     ;
; Top-level entity name                                                      ; EPT_10M04_AF_S2_Top ; EPT_10M04_AF_S2_Top ;
; Family name                                                                ; MAX 10              ; Cyclone V           ;
; Use smart compilation                                                      ; Off                 ; Off                 ;
; Enable parallel Assembler and TimeQuest Timing Analyzer during compilation ; On                  ; On                  ;
; Enable compact report table                                                ; Off                 ; Off                 ;
; Restructure Multiplexers                                                   ; Auto                ; Auto                ;
; Create Debugging Nodes for IP Cores                                        ; Off                 ; Off                 ;
; Preserve fewer node names                                                  ; On                  ; On                  ;
; Disable OpenCore Plus hardware evaluation                                  ; Off                 ; Off                 ;
; Verilog Version                                                            ; Verilog_2001        ; Verilog_2001        ;
; VHDL Version                                                               ; VHDL_1993           ; VHDL_1993           ;
; State Machine Processing                                                   ; Auto                ; Auto                ;
; Safe State Machine                                                         ; Off                 ; Off                 ;
; Extract Verilog State Machines                                             ; On                  ; On                  ;
; Extract VHDL State Machines                                                ; On                  ; On                  ;
; Ignore Verilog initial constructs                                          ; Off                 ; Off                 ;
; Iteration limit for constant Verilog loops                                 ; 5000                ; 5000                ;
; Iteration limit for non-constant Verilog loops                             ; 250                 ; 250                 ;
; Add Pass-Through Logic to Inferred RAMs                                    ; On                  ; On                  ;
; Infer RAMs from Raw Logic                                                  ; On                  ; On                  ;
; Parallel Synthesis                                                         ; On                  ; On                  ;
; DSP Block Balancing                                                        ; Auto                ; Auto                ;
; NOT Gate Push-Back                                                         ; On                  ; On                  ;
; Power-Up Don't Care                                                        ; On                  ; On                  ;
; Remove Redundant Logic Cells                                               ; Off                 ; Off                 ;
; Remove Duplicate Registers                                                 ; On                  ; On                  ;
; Ignore CARRY Buffers                                                       ; Off                 ; Off                 ;
; Ignore CASCADE Buffers                                                     ; Off                 ; Off                 ;
; Ignore GLOBAL Buffers                                                      ; Off                 ; Off                 ;
; Ignore ROW GLOBAL Buffers                                                  ; Off                 ; Off                 ;
; Ignore LCELL Buffers                                                       ; Off                 ; Off                 ;
; Ignore SOFT Buffers                                                        ; On                  ; On                  ;
; Limit AHDL Integers to 32 Bits                                             ; Off                 ; Off                 ;
; Optimization Technique                                                     ; Balanced            ; Balanced            ;
; Carry Chain Length                                                         ; 70                  ; 70                  ;
; Auto Carry Chains                                                          ; On                  ; On                  ;
; Auto Open-Drain Pins                                                       ; On                  ; On                  ;
; Perform WYSIWYG Primitive Resynthesis                                      ; Off                 ; Off                 ;
; Auto ROM Replacement                                                       ; On                  ; On                  ;
; Auto RAM Replacement                                                       ; On                  ; On                  ;
; Auto DSP Block Replacement                                                 ; On                  ; On                  ;
; Auto Shift Register Replacement                                            ; Auto                ; Auto                ;
; Allow Shift Register Merging across Hierarchies                            ; Auto                ; Auto                ;
; Auto Clock Enable Replacement                                              ; On                  ; On                  ;
; Strict RAM Replacement                                                     ; Off                 ; Off                 ;
; Allow Synchronous Control Signals                                          ; On                  ; On                  ;
; Force Use of Synchronous Clear Signals                                     ; Off                 ; Off                 ;
; Auto RAM Block Balancing                                                   ; On                  ; On                  ;
; Auto RAM to Logic Cell Conversion                                          ; Off                 ; Off                 ;
; Auto Resource Sharing                                                      ; Off                 ; Off                 ;
; Allow Any RAM Size For Recognition                                         ; Off                 ; Off                 ;
; Allow Any ROM Size For Recognition                                         ; Off                 ; Off                 ;
; Allow Any Shift Register Size For Recognition                              ; Off                 ; Off                 ;
; Use LogicLock Constraints during Resource Balancing                        ; On                  ; On                  ;
; Ignore translate_off and synthesis_off directives                          ; Off                 ; Off                 ;
; Timing-Driven Synthesis                                                    ; On                  ; On                  ;
; Report Parameter Settings                                                  ; On                  ; On                  ;
; Report Source Assignments                                                  ; On                  ; On                  ;
; Report Connectivity Checks                                                 ; On                  ; On                  ;
; Ignore Maximum Fan-Out Assignments                                         ; Off                 ; Off                 ;
; Synchronization Register Chain Length                                      ; 2                   ; 2                   ;
; PowerPlay Power Optimization During Synthesis                              ; Normal compilation  ; Normal compilation  ;
; HDL message level                                                          ; Level2              ; Level2              ;
; Suppress Register Optimization Related Messages                            ; Off                 ; Off                 ;
; Number of Removed Registers Reported in Synthesis Report                   ; 5000                ; 5000                ;
; Number of Swept Nodes Reported in Synthesis Report                         ; 5000                ; 5000                ;
; Number of Inverted Registers Reported in Synthesis Report                  ; 100                 ; 100                 ;
; Clock MUX Protection                                                       ; On                  ; On                  ;
; Auto Gated Clock Conversion                                                ; Off                 ; Off                 ;
; Block Design Naming                                                        ; Auto                ; Auto                ;
; SDC constraint protection                                                  ; Off                 ; Off                 ;
; Synthesis Effort                                                           ; Auto                ; Auto                ;
; Shift Register Replacement - Allow Asynchronous Clear Signal               ; On                  ; On                  ;
; Pre-Mapping Resynthesis Optimization                                       ; Off                 ; Off                 ;
; Analysis & Synthesis Message Level                                         ; Medium              ; Medium              ;
; Disable Register Merging Across Hierarchies                                ; Auto                ; Auto                ;
; Resource Aware Inference For Block RAM                                     ; On                  ; On                  ;
; Synthesis Seed                                                             ; 1                   ; 1                   ;
+----------------------------------------------------------------------------+---------------------+---------------------+


+------------------------------------------+
; Parallel Compilation                     ;
+----------------------------+-------------+
; Processors                 ; Number      ;
+----------------------------+-------------+
; Number detected on machine ; 8           ;
; Maximum allowed            ; 4           ;
;                            ;             ;
; Average used               ; 1.00        ;
; Maximum used               ; 1           ;
;                            ;             ;
; Usage by Processor         ; % Time Used ;
;     Processor 1            ; 100.0%      ;
+----------------------------+-------------+


+---------------------------------------------------------------------------------------------------------------------------------------------------------------------------------------------------------------+
; Analysis & Synthesis Source Files Read                                                                                                                                                                        ;
+----------------------------------+-----------------+------------------------------+-----------------------------------------------------------------------------------------------------------------+---------+
; File Name with User-Entered Path ; Used in Netlist ; File Type                    ; File Name with Absolute Path                                                                                    ; Library ;
+----------------------------------+-----------------+------------------------------+-----------------------------------------------------------------------------------------------------------------+---------+
; ../src/EPT_10M04_AF_S2_Top.v     ; yes             ; User Verilog HDL File        ; H:/Jolly/Code_FPGA/EPT_10M04_AF_Operators/EPT_10M04_AF_Operators/src/EPT_10M04_AF_S2_Top.v                      ;         ;
; lpm_mult.tdf                     ; yes             ; Megafunction                 ; c:/altera_lite/16.0/quartus/libraries/megafunctions/lpm_mult.tdf                                                ;         ;
; aglobal160.inc                   ; yes             ; Megafunction                 ; c:/altera_lite/16.0/quartus/libraries/megafunctions/aglobal160.inc                                              ;         ;
; lpm_add_sub.inc                  ; yes             ; Megafunction                 ; c:/altera_lite/16.0/quartus/libraries/megafunctions/lpm_add_sub.inc                                             ;         ;
; multcore.inc                     ; yes             ; Megafunction                 ; c:/altera_lite/16.0/quartus/libraries/megafunctions/multcore.inc                                                ;         ;
; bypassff.inc                     ; yes             ; Megafunction                 ; c:/altera_lite/16.0/quartus/libraries/megafunctions/bypassff.inc                                                ;         ;
; altshift.inc                     ; yes             ; Megafunction                 ; c:/altera_lite/16.0/quartus/libraries/megafunctions/altshift.inc                                                ;         ;
; db/mult_0ls.tdf                  ; yes             ; Auto-Generated Megafunction  ; H:/Jolly/Code_FPGA/EPT_10M04_AF_Operators/EPT_10M04_AF_Operators/EPT_10M04_AF_S2_Top/db/mult_0ls.tdf            ;         ;
; lpm_divide.tdf                   ; yes             ; Megafunction                 ; c:/altera_lite/16.0/quartus/libraries/megafunctions/lpm_divide.tdf                                              ;         ;
; abs_divider.inc                  ; yes             ; Megafunction                 ; c:/altera_lite/16.0/quartus/libraries/megafunctions/abs_divider.inc                                             ;         ;
; sign_div_unsign.inc              ; yes             ; Megafunction                 ; c:/altera_lite/16.0/quartus/libraries/megafunctions/sign_div_unsign.inc                                         ;         ;
; db/lpm_divide_dsl.tdf            ; yes             ; Auto-Generated Megafunction  ; H:/Jolly/Code_FPGA/EPT_10M04_AF_Operators/EPT_10M04_AF_Operators/EPT_10M04_AF_S2_Top/db/lpm_divide_dsl.tdf      ;         ;
; db/sign_div_unsign_fkh.tdf       ; yes             ; Auto-Generated Megafunction  ; H:/Jolly/Code_FPGA/EPT_10M04_AF_Operators/EPT_10M04_AF_Operators/EPT_10M04_AF_S2_Top/db/sign_div_unsign_fkh.tdf ;         ;
; db/alt_u_div_8fe.tdf             ; yes             ; Auto-Generated Megafunction  ; H:/Jolly/Code_FPGA/EPT_10M04_AF_Operators/EPT_10M04_AF_Operators/EPT_10M04_AF_S2_Top/db/alt_u_div_8fe.tdf       ;         ;
; db/add_sub_t3c.tdf               ; yes             ; Auto-Generated Megafunction  ; H:/Jolly/Code_FPGA/EPT_10M04_AF_Operators/EPT_10M04_AF_Operators/EPT_10M04_AF_S2_Top/db/add_sub_t3c.tdf         ;         ;
; db/add_sub_u3c.tdf               ; yes             ; Auto-Generated Megafunction  ; H:/Jolly/Code_FPGA/EPT_10M04_AF_Operators/EPT_10M04_AF_Operators/EPT_10M04_AF_S2_Top/db/add_sub_u3c.tdf         ;         ;
+----------------------------------+-----------------+------------------------------+-----------------------------------------------------------------------------------------------------------------+---------+


+-----------------------------------------------------------------------+
; Analysis & Synthesis Resource Usage Summary                           ;
+---------------------------------------------+-------------------------+
; Resource                                    ; Usage                   ;
+---------------------------------------------+-------------------------+
; Estimated Total logic elements              ; 241                     ;
;                                             ;                         ;
; Total combinational functions               ; 241                     ;
; Logic element usage by number of LUT inputs ;                         ;
;     -- 4 input functions                    ; 58                      ;
;     -- 3 input functions                    ; 126                     ;
;     -- <=2 input functions                  ; 57                      ;
;                                             ;                         ;
; Logic elements by mode                      ;                         ;
;     -- normal mode                          ; 166                     ;
;     -- arithmetic mode                      ; 75                      ;
;                                             ;                         ;
; Total registers                             ; 0                       ;
;     -- Dedicated logic registers            ; 0                       ;
;     -- I/O registers                        ; 0                       ;
;                                             ;                         ;
; I/O pins                                    ; 408                     ;
;                                             ;                         ;
; Embedded Multiplier 9-bit elements          ; 1                       ;
;                                             ;                         ;
; Maximum fan-out node                        ; SHIFT_OPERATOR[2]~input ;
; Maximum fan-out                             ; 18                      ;
; Total fan-out                               ; 1313                    ;
; Average fan-out                             ; 1.24                    ;
+---------------------------------------------+-------------------------+


+------------------------------------------------------------------------------------------------------------------------------------------------------------------------------------------------------------------------------------------------------------------------------------------------------------------------------------------+
; Analysis & Synthesis Resource Utilization by Entity                                                                                                                                                                                                                                                                                      ;
+----------------------------------------+-------------------+--------------+-------------+------------+--------------+---------+-----------+------+--------------+------------+----------------------------------------------------------------------------------------------------------------------+---------------------+--------------+
; Compilation Hierarchy Node             ; LC Combinationals ; LC Registers ; Memory Bits ; UFM Blocks ; DSP Elements ; DSP 9x9 ; DSP 18x18 ; Pins ; Virtual Pins ; ADC blocks ; Full Hierarchy Name                                                                                                  ; Entity Name         ; Library Name ;
+----------------------------------------+-------------------+--------------+-------------+------------+--------------+---------+-----------+------+--------------+------------+----------------------------------------------------------------------------------------------------------------------+---------------------+--------------+
; |EPT_10M04_AF_S2_Top                   ; 241 (164)         ; 0 (0)        ; 0           ; 0          ; 1            ; 1       ; 0         ; 408  ; 0            ; 0          ; |EPT_10M04_AF_S2_Top                                                                                                 ; EPT_10M04_AF_S2_Top ; work         ;
;    |lpm_divide:Div0|                   ; 77 (0)            ; 0 (0)        ; 0           ; 0          ; 0            ; 0       ; 0         ; 0    ; 0            ; 0          ; |EPT_10M04_AF_S2_Top|lpm_divide:Div0                                                                                 ; lpm_divide          ; work         ;
;       |lpm_divide_dsl:auto_generated|  ; 77 (0)            ; 0 (0)        ; 0           ; 0          ; 0            ; 0       ; 0         ; 0    ; 0            ; 0          ; |EPT_10M04_AF_S2_Top|lpm_divide:Div0|lpm_divide_dsl:auto_generated                                                   ; lpm_divide_dsl      ; work         ;
;          |sign_div_unsign_fkh:divider| ; 77 (0)            ; 0 (0)        ; 0           ; 0          ; 0            ; 0       ; 0         ; 0    ; 0            ; 0          ; |EPT_10M04_AF_S2_Top|lpm_divide:Div0|lpm_divide_dsl:auto_generated|sign_div_unsign_fkh:divider                       ; sign_div_unsign_fkh ; work         ;
;             |alt_u_div_8fe:divider|    ; 77 (77)           ; 0 (0)        ; 0           ; 0          ; 0            ; 0       ; 0         ; 0    ; 0            ; 0          ; |EPT_10M04_AF_S2_Top|lpm_divide:Div0|lpm_divide_dsl:auto_generated|sign_div_unsign_fkh:divider|alt_u_div_8fe:divider ; alt_u_div_8fe       ; work         ;
;    |lpm_mult:Mult0|                    ; 0 (0)             ; 0 (0)        ; 0           ; 0          ; 1            ; 1       ; 0         ; 0    ; 0            ; 0          ; |EPT_10M04_AF_S2_Top|lpm_mult:Mult0                                                                                  ; lpm_mult            ; work         ;
;       |mult_0ls:auto_generated|        ; 0 (0)             ; 0 (0)        ; 0           ; 0          ; 1            ; 1       ; 0         ; 0    ; 0            ; 0          ; |EPT_10M04_AF_S2_Top|lpm_mult:Mult0|mult_0ls:auto_generated                                                          ; mult_0ls            ; work         ;
+----------------------------------------+-------------------+--------------+-------------+------------+--------------+---------+-----------+------+--------------+------------+----------------------------------------------------------------------------------------------------------------------+---------------------+--------------+
Note: For table entries with two numbers listed, the numbers in parentheses indicate the number of resources of the given type used by the specific entity alone. The numbers listed outside of parentheses indicate the total resources of the given type used by the specific entity and all of its sub-entities in the hierarchy.


+-----------------------------------------------------+
; Analysis & Synthesis DSP Block Usage Summary        ;
+---------------------------------------+-------------+
; Statistic                             ; Number Used ;
+---------------------------------------+-------------+
; Simple Multipliers (9-bit)            ; 1           ;
; Simple Multipliers (18-bit)           ; 0           ;
; Embedded Multiplier Blocks            ; --          ;
; Embedded Multiplier 9-bit elements    ; 1           ;
; Signed Embedded Multipliers           ; 0           ;
; Unsigned Embedded Multipliers         ; 1           ;
; Mixed Sign Embedded Multipliers       ; 0           ;
; Variable Sign Embedded Multipliers    ; 0           ;
; Dedicated Input Shift Register Chains ; 0           ;
+---------------------------------------+-------------+
Note: number of Embedded Multiplier Blocks used is only available after a successful fit.


+------------------------------------------------------+
; General Register Statistics                          ;
+----------------------------------------------+-------+
; Statistic                                    ; Value ;
+----------------------------------------------+-------+
; Total registers                              ; 0     ;
; Number of registers using Synchronous Clear  ; 0     ;
; Number of registers using Synchronous Load   ; 0     ;
; Number of registers using Asynchronous Clear ; 0     ;
; Number of registers using Asynchronous Load  ; 0     ;
; Number of registers using Clock Enable       ; 0     ;
; Number of registers using Preset             ; 0     ;
+----------------------------------------------+-------+


+-----------------------------------------------------------------------------------------------------------------------------------------------+
; Multiplexer Restructuring Statistics (Restructuring Performed)                                                                                ;
+--------------------+-----------+---------------+----------------------+------------------------+------------+---------------------------------+
; Multiplexer Inputs ; Bus Width ; Baseline Area ; Area if Restructured ; Saving if Restructured ; Registered ; Example Multiplexer Output      ;
+--------------------+-----------+---------------+----------------------+------------------------+------------+---------------------------------+
; 3:1                ; 8 bits    ; 16 LEs        ; 8 LEs                ; 8 LEs                  ; No         ; |EPT_10M04_AF_S2_Top|ShiftLeft0 ;
; 4:1                ; 4 bits    ; 8 LEs         ; 8 LEs                ; 0 LEs                  ; No         ; |EPT_10M04_AF_S2_Top|ShiftLeft0 ;
; 5:1                ; 4 bits    ; 12 LEs        ; 12 LEs               ; 0 LEs                  ; No         ; |EPT_10M04_AF_S2_Top|ShiftLeft0 ;
+--------------------+-----------+---------------+----------------------+------------------------+------------+---------------------------------+


+---------------------------------------------------------------------------------+
; Parameter Settings for Inferred Entity Instance: lpm_mult:Mult0                 ;
+------------------------------------------------+----------+---------------------+
; Parameter Name                                 ; Value    ; Type                ;
+------------------------------------------------+----------+---------------------+
; AUTO_CARRY_CHAINS                              ; ON       ; AUTO_CARRY          ;
; IGNORE_CARRY_BUFFERS                           ; OFF      ; IGNORE_CARRY        ;
; AUTO_CASCADE_CHAINS                            ; ON       ; AUTO_CASCADE        ;
; IGNORE_CASCADE_BUFFERS                         ; OFF      ; IGNORE_CASCADE      ;
; LPM_WIDTHA                                     ; 8        ; Untyped             ;
; LPM_WIDTHB                                     ; 8        ; Untyped             ;
; LPM_WIDTHP                                     ; 16       ; Untyped             ;
; LPM_WIDTHR                                     ; 16       ; Untyped             ;
; LPM_WIDTHS                                     ; 1        ; Untyped             ;
; LPM_REPRESENTATION                             ; UNSIGNED ; Untyped             ;
; LPM_PIPELINE                                   ; 0        ; Untyped             ;
; LATENCY                                        ; 0        ; Untyped             ;
; INPUT_A_IS_CONSTANT                            ; NO       ; Untyped             ;
; INPUT_B_IS_CONSTANT                            ; NO       ; Untyped             ;
; USE_EAB                                        ; OFF      ; Untyped             ;
; MAXIMIZE_SPEED                                 ; 5        ; Untyped             ;
; DEVICE_FAMILY                                  ; MAX 10   ; Untyped             ;
; CARRY_CHAIN                                    ; MANUAL   ; Untyped             ;
; APEX20K_TECHNOLOGY_MAPPER                      ; LUT      ; TECH_MAPPER_APEX20K ;
; DEDICATED_MULTIPLIER_CIRCUITRY                 ; AUTO     ; Untyped             ;
; DEDICATED_MULTIPLIER_MIN_INPUT_WIDTH_FOR_AUTO  ; 0        ; Untyped             ;
; DEDICATED_MULTIPLIER_MIN_OUTPUT_WIDTH_FOR_AUTO ; 0        ; Untyped             ;
; CBXI_PARAMETER                                 ; mult_0ls ; Untyped             ;
; INPUT_A_FIXED_VALUE                            ; Bx       ; Untyped             ;
; INPUT_B_FIXED_VALUE                            ; Bx       ; Untyped             ;
; USE_AHDL_IMPLEMENTATION                        ; OFF      ; Untyped             ;
+------------------------------------------------+----------+---------------------+
Note: In order to hide this table in the UI and the text report file, please set the "Show Parameter Settings in Synthesis Report" option in "Analysis and Synthesis Settings -> More Settings" to "Off".


+------------------------------------------------------------------+
; Parameter Settings for Inferred Entity Instance: lpm_divide:Div0 ;
+------------------------+----------------+------------------------+
; Parameter Name         ; Value          ; Type                   ;
+------------------------+----------------+------------------------+
; LPM_WIDTHN             ; 8              ; Untyped                ;
; LPM_WIDTHD             ; 8              ; Untyped                ;
; LPM_NREPRESENTATION    ; UNSIGNED       ; Untyped                ;
; LPM_DREPRESENTATION    ; UNSIGNED       ; Untyped                ;
; LPM_PIPELINE           ; 0              ; Untyped                ;
; LPM_REMAINDERPOSITIVE  ; TRUE           ; Untyped                ;
; MAXIMIZE_SPEED         ; 5              ; Untyped                ;
; CBXI_PARAMETER         ; lpm_divide_dsl ; Untyped                ;
; CARRY_CHAIN            ; MANUAL         ; Untyped                ;
; OPTIMIZE_FOR_SPEED     ; 5              ; Untyped                ;
; AUTO_CARRY_CHAINS      ; ON             ; AUTO_CARRY             ;
; IGNORE_CARRY_BUFFERS   ; OFF            ; IGNORE_CARRY           ;
; AUTO_CASCADE_CHAINS    ; ON             ; AUTO_CASCADE           ;
; IGNORE_CASCADE_BUFFERS ; OFF            ; IGNORE_CASCADE         ;
+------------------------+----------------+------------------------+
Note: In order to hide this table in the UI and the text report file, please set the "Show Parameter Settings in Synthesis Report" option in "Analysis and Synthesis Settings -> More Settings" to "Off".


+--------------------------------------------------------+
; lpm_mult Parameter Settings by Entity Instance         ;
+---------------------------------------+----------------+
; Name                                  ; Value          ;
+---------------------------------------+----------------+
; Number of entity instances            ; 1              ;
; Entity Instance                       ; lpm_mult:Mult0 ;
;     -- LPM_WIDTHA                     ; 8              ;
;     -- LPM_WIDTHB                     ; 8              ;
;     -- LPM_WIDTHP                     ; 16             ;
;     -- LPM_REPRESENTATION             ; UNSIGNED       ;
;     -- INPUT_A_IS_CONSTANT            ; NO             ;
;     -- INPUT_B_IS_CONSTANT            ; NO             ;
;     -- USE_EAB                        ; OFF            ;
;     -- DEDICATED_MULTIPLIER_CIRCUITRY ; AUTO           ;
;     -- INPUT_A_FIXED_VALUE            ; Bx             ;
;     -- INPUT_B_FIXED_VALUE            ; Bx             ;
+---------------------------------------+----------------+


+-----------------------------------------------------+
; Post-Synthesis Netlist Statistics for Top Partition ;
+-----------------------+-----------------------------+
; Type                  ; Count                       ;
+-----------------------+-----------------------------+
; boundary_port         ; 408                         ;
; cycloneiii_lcell_comb ; 282                         ;
;     arith             ; 75                          ;
;         3 data inputs ; 75                          ;
;     normal            ; 207                         ;
;         0 data inputs ; 6                           ;
;         1 data inputs ; 41                          ;
;         2 data inputs ; 51                          ;
;         3 data inputs ; 51                          ;
;         4 data inputs ; 58                          ;
; cycloneiii_mac_mult   ; 1                           ;
; cycloneiii_mac_out    ; 1                           ;
;                       ;                             ;
; Max LUT depth         ; 20.70                       ;
; Average LUT depth     ; 5.51                        ;
+-----------------------+-----------------------------+


+-------------------------------+
; Elapsed Time Per Partition    ;
+----------------+--------------+
; Partition Name ; Elapsed Time ;
+----------------+--------------+
; Top            ; 00:00:22     ;
+----------------+--------------+


+-------------------------------+
; Analysis & Synthesis Messages ;
+-------------------------------+
Info: *******************************************************************
Info: Running Quartus Prime Analysis & Synthesis
    Info: Version 16.0.0 Build 211 04/27/2016 SJ Lite Edition
    Info: Processing started: Tue Mar 13 19:18:24 2018
Info: Command: quartus_map --read_settings_files=on --write_settings_files=off EPT_10M04_AF_S2_Top -c EPT_10M04_AF_S2_Top
Warning (18236): Number of processors has not been specified which may cause overloading on shared machines.  Set the global assignment NUM_PARALLEL_PROCESSORS in your QSF to an appropriate value for best performance.
Info (20030): Parallel compilation is enabled and will use 4 of the 4 processors detected
Info (12021): Found 1 design units, including 1 entities, in source file /jolly/code_fpga/ept_10m04_af_operators/ept_10m04_af_operators/src/ept_10m04_af_s2_top.v
    Info (12023): Found entity 1: EPT_10M04_AF_S2_Top File: H:/Jolly/Code_FPGA/EPT_10M04_AF_Operators/EPT_10M04_AF_Operators/src/EPT_10M04_AF_S2_Top.v Line: 34
Info (12127): Elaborating entity "EPT_10M04_AF_S2_Top" for the top level hierarchy
Info (278001): Inferred 2 megafunctions from design logic
    Info (278003): Inferred multiplier megafunction ("lpm_mult") from the following logic: "Mult0" File: H:/Jolly/Code_FPGA/EPT_10M04_AF_Operators/EPT_10M04_AF_Operators/src/EPT_10M04_AF_S2_Top.v Line: 125
    Info (278004): Inferred divider/modulo megafunction ("lpm_divide") from the following logic: "Div0" File: H:/Jolly/Code_FPGA/EPT_10M04_AF_Operators/EPT_10M04_AF_Operators/src/EPT_10M04_AF_S2_Top.v Line: 128
Info (12130): Elaborated megafunction instantiation "lpm_mult:Mult0" File: H:/Jolly/Code_FPGA/EPT_10M04_AF_Operators/EPT_10M04_AF_Operators/src/EPT_10M04_AF_S2_Top.v Line: 125
Info (12133): Instantiated megafunction "lpm_mult:Mult0" with the following parameter: File: H:/Jolly/Code_FPGA/EPT_10M04_AF_Operators/EPT_10M04_AF_Operators/src/EPT_10M04_AF_S2_Top.v Line: 125
    Info (12134): Parameter "LPM_WIDTHA" = "8"
    Info (12134): Parameter "LPM_WIDTHB" = "8"
    Info (12134): Parameter "LPM_WIDTHP" = "16"
    Info (12134): Parameter "LPM_WIDTHR" = "16"
    Info (12134): Parameter "LPM_WIDTHS" = "1"
    Info (12134): Parameter "LPM_REPRESENTATION" = "UNSIGNED"
    Info (12134): Parameter "INPUT_A_IS_CONSTANT" = "NO"
    Info (12134): Parameter "INPUT_B_IS_CONSTANT" = "NO"
    Info (12134): Parameter "MAXIMIZE_SPEED" = "5"
Info (12021): Found 1 design units, including 1 entities, in source file db/mult_0ls.tdf
    Info (12023): Found entity 1: mult_0ls File: H:/Jolly/Code_FPGA/EPT_10M04_AF_Operators/EPT_10M04_AF_Operators/EPT_10M04_AF_S2_Top/db/mult_0ls.tdf Line: 29
Info (12130): Elaborated megafunction instantiation "lpm_divide:Div0" File: H:/Jolly/Code_FPGA/EPT_10M04_AF_Operators/EPT_10M04_AF_Operators/src/EPT_10M04_AF_S2_Top.v Line: 128
Info (12133): Instantiated megafunction "lpm_divide:Div0" with the following parameter: File: H:/Jolly/Code_FPGA/EPT_10M04_AF_Operators/EPT_10M04_AF_Operators/src/EPT_10M04_AF_S2_Top.v Line: 128
    Info (12134): Parameter "LPM_WIDTHN" = "8"
    Info (12134): Parameter "LPM_WIDTHD" = "8"
    Info (12134): Parameter "LPM_NREPRESENTATION" = "UNSIGNED"
    Info (12134): Parameter "LPM_DREPRESENTATION" = "UNSIGNED"
Info (12021): Found 1 design units, including 1 entities, in source file db/lpm_divide_dsl.tdf
    Info (12023): Found entity 1: lpm_divide_dsl File: H:/Jolly/Code_FPGA/EPT_10M04_AF_Operators/EPT_10M04_AF_Operators/EPT_10M04_AF_S2_Top/db/lpm_divide_dsl.tdf Line: 25
Info (12021): Found 1 design units, including 1 entities, in source file db/sign_div_unsign_fkh.tdf
    Info (12023): Found entity 1: sign_div_unsign_fkh File: H:/Jolly/Code_FPGA/EPT_10M04_AF_Operators/EPT_10M04_AF_Operators/EPT_10M04_AF_S2_Top/db/sign_div_unsign_fkh.tdf Line: 25
Info (12021): Found 1 design units, including 1 entities, in source file db/alt_u_div_8fe.tdf
    Info (12023): Found entity 1: alt_u_div_8fe File: H:/Jolly/Code_FPGA/EPT_10M04_AF_Operators/EPT_10M04_AF_Operators/EPT_10M04_AF_S2_Top/db/alt_u_div_8fe.tdf Line: 27
Info (12021): Found 1 design units, including 1 entities, in source file db/add_sub_t3c.tdf
    Info (12023): Found entity 1: add_sub_t3c File: H:/Jolly/Code_FPGA/EPT_10M04_AF_Operators/EPT_10M04_AF_Operators/EPT_10M04_AF_S2_Top/db/add_sub_t3c.tdf Line: 23
Info (12021): Found 1 design units, including 1 entities, in source file db/add_sub_u3c.tdf
    Info (12023): Found entity 1: add_sub_u3c File: H:/Jolly/Code_FPGA/EPT_10M04_AF_Operators/EPT_10M04_AF_Operators/EPT_10M04_AF_S2_Top/db/add_sub_u3c.tdf Line: 23
Info (286030): Timing-Driven Synthesis is running
Info (16010): Generating hard_block partition "hard_block:auto_generated_inst"
    Info (16011): Adding 0 node(s), including 0 DDIO, 0 PLL, 0 transceiver and 0 LCELL
Warning (21074): Design contains 24 input pin(s) that do not drive logic
    Warning (15610): No output dependent on input pin "LOGICAL_NEGATION_B[0]" File: H:/Jolly/Code_FPGA/EPT_10M04_AF_Operators/EPT_10M04_AF_Operators/src/EPT_10M04_AF_S2_Top.v Line: 58
    Warning (15610): No output dependent on input pin "LOGICAL_NEGATION_B[1]" File: H:/Jolly/Code_FPGA/EPT_10M04_AF_Operators/EPT_10M04_AF_Operators/src/EPT_10M04_AF_S2_Top.v Line: 58
    Warning (15610): No output dependent on input pin "LOGICAL_NEGATION_B[2]" File: H:/Jolly/Code_FPGA/EPT_10M04_AF_Operators/EPT_10M04_AF_Operators/src/EPT_10M04_AF_S2_Top.v Line: 58
    Warning (15610): No output dependent on input pin "LOGICAL_NEGATION_B[3]" File: H:/Jolly/Code_FPGA/EPT_10M04_AF_Operators/EPT_10M04_AF_Operators/src/EPT_10M04_AF_S2_Top.v Line: 58
    Warning (15610): No output dependent on input pin "LOGICAL_NEGATION_B[4]" File: H:/Jolly/Code_FPGA/EPT_10M04_AF_Operators/EPT_10M04_AF_Operators/src/EPT_10M04_AF_S2_Top.v Line: 58
    Warning (15610): No output dependent on input pin "LOGICAL_NEGATION_B[5]" File: H:/Jolly/Code_FPGA/EPT_10M04_AF_Operators/EPT_10M04_AF_Operators/src/EPT_10M04_AF_S2_Top.v Line: 58
    Warning (15610): No output dependent on input pin "LOGICAL_NEGATION_B[6]" File: H:/Jolly/Code_FPGA/EPT_10M04_AF_Operators/EPT_10M04_AF_Operators/src/EPT_10M04_AF_S2_Top.v Line: 58
    Warning (15610): No output dependent on input pin "LOGICAL_NEGATION_B[7]" File: H:/Jolly/Code_FPGA/EPT_10M04_AF_Operators/EPT_10M04_AF_Operators/src/EPT_10M04_AF_S2_Top.v Line: 58
    Warning (15610): No output dependent on input pin "BITWISE_NEGATION_B[0]" File: H:/Jolly/Code_FPGA/EPT_10M04_AF_Operators/EPT_10M04_AF_Operators/src/EPT_10M04_AF_S2_Top.v Line: 91
    Warning (15610): No output dependent on input pin "BITWISE_NEGATION_B[1]" File: H:/Jolly/Code_FPGA/EPT_10M04_AF_Operators/EPT_10M04_AF_Operators/src/EPT_10M04_AF_S2_Top.v Line: 91
    Warning (15610): No output dependent on input pin "BITWISE_NEGATION_B[2]" File: H:/Jolly/Code_FPGA/EPT_10M04_AF_Operators/EPT_10M04_AF_Operators/src/EPT_10M04_AF_S2_Top.v Line: 91
    Warning (15610): No output dependent on input pin "BITWISE_NEGATION_B[3]" File: H:/Jolly/Code_FPGA/EPT_10M04_AF_Operators/EPT_10M04_AF_Operators/src/EPT_10M04_AF_S2_Top.v Line: 91
    Warning (15610): No output dependent on input pin "BITWISE_NEGATION_B[4]" File: H:/Jolly/Code_FPGA/EPT_10M04_AF_Operators/EPT_10M04_AF_Operators/src/EPT_10M04_AF_S2_Top.v Line: 91
    Warning (15610): No output dependent on input pin "BITWISE_NEGATION_B[5]" File: H:/Jolly/Code_FPGA/EPT_10M04_AF_Operators/EPT_10M04_AF_Operators/src/EPT_10M04_AF_S2_Top.v Line: 91
    Warning (15610): No output dependent on input pin "BITWISE_NEGATION_B[6]" File: H:/Jolly/Code_FPGA/EPT_10M04_AF_Operators/EPT_10M04_AF_Operators/src/EPT_10M04_AF_S2_Top.v Line: 91
    Warning (15610): No output dependent on input pin "BITWISE_NEGATION_B[7]" File: H:/Jolly/Code_FPGA/EPT_10M04_AF_Operators/EPT_10M04_AF_Operators/src/EPT_10M04_AF_S2_Top.v Line: 91
    Warning (15610): No output dependent on input pin "CONCATENATION_A[0]" File: H:/Jolly/Code_FPGA/EPT_10M04_AF_Operators/EPT_10M04_AF_Operators/src/EPT_10M04_AF_S2_Top.v Line: 105
    Warning (15610): No output dependent on input pin "CONCATENATION_A[1]" File: H:/Jolly/Code_FPGA/EPT_10M04_AF_Operators/EPT_10M04_AF_Operators/src/EPT_10M04_AF_S2_Top.v Line: 105
    Warning (15610): No output dependent on input pin "CONCATENATION_A[2]" File: H:/Jolly/Code_FPGA/EPT_10M04_AF_Operators/EPT_10M04_AF_Operators/src/EPT_10M04_AF_S2_Top.v Line: 105
    Warning (15610): No output dependent on input pin "CONCATENATION_A[3]" File: H:/Jolly/Code_FPGA/EPT_10M04_AF_Operators/EPT_10M04_AF_Operators/src/EPT_10M04_AF_S2_Top.v Line: 105
    Warning (15610): No output dependent on input pin "CONCATENATION_B[4]" File: H:/Jolly/Code_FPGA/EPT_10M04_AF_Operators/EPT_10M04_AF_Operators/src/EPT_10M04_AF_S2_Top.v Line: 106
    Warning (15610): No output dependent on input pin "CONCATENATION_B[5]" File: H:/Jolly/Code_FPGA/EPT_10M04_AF_Operators/EPT_10M04_AF_Operators/src/EPT_10M04_AF_S2_Top.v Line: 106
    Warning (15610): No output dependent on input pin "CONCATENATION_B[6]" File: H:/Jolly/Code_FPGA/EPT_10M04_AF_Operators/EPT_10M04_AF_Operators/src/EPT_10M04_AF_S2_Top.v Line: 106
    Warning (15610): No output dependent on input pin "CONCATENATION_B[7]" File: H:/Jolly/Code_FPGA/EPT_10M04_AF_Operators/EPT_10M04_AF_Operators/src/EPT_10M04_AF_S2_Top.v Line: 106
Info (21057): Implemented 650 device resources after synthesis - the final resource count might be different
    Info (21058): Implemented 232 input pins
    Info (21059): Implemented 176 output pins
    Info (21061): Implemented 241 logic cells
    Info (21062): Implemented 1 DSP elements
Info: Quartus Prime Analysis & Synthesis was successful. 0 errors, 26 warnings
    Info: Peak virtual memory: 841 megabytes
    Info: Processing ended: Tue Mar 13 19:19:59 2018
    Info: Elapsed time: 00:01:35
    Info: Total CPU time (on all processors): 00:00:41


